<?xml version="1.0" encoding="UTF-8"?>
<testng-results skipped="0" failed="0" ignored="0" total="1" passed="1">
  <reporter-output>
  </reporter-output>
  <suite name="Default suite" duration-ms="30376" started-at="2020-06-01T16:57:44Z" finished-at="2020-06-01T16:58:15Z">
    <groups>
      <group name="cucumber">
        <method signature="AbstractTestNGCucumberTests.feature(cucumber.api.testng.CucumberFeatureWrapper)[pri:0, instance:com.ether.runner.CucumberTestRunner@6c64cb25]" name="feature" class="cucumber.api.testng.AbstractTestNGCucumberTests"/>
      </group> <!-- cucumber -->
    </groups>
    <test name="Default test" duration-ms="30376" started-at="2020-06-01T16:57:44Z" finished-at="2020-06-01T16:58:15Z">
      <class name="com.ether.runner.CucumberTestRunner">
        <test-method status="PASS" signature="setUpClass()[pri:0, instance:com.ether.runner.CucumberTestRunner@6c64cb25]" name="setUpClass" is-config="true" duration-ms="357" started-at="2020-06-01T16:57:44Z" finished-at="2020-06-01T16:57:45Z">
          <reporter-output>
          </reporter-output>
        </test-method> <!-- setUpClass -->
        <test-method status="PASS" signature="feature(cucumber.api.testng.CucumberFeatureWrapper)[pri:0, instance:com.ether.runner.CucumberTestRunner@6c64cb25]" name="feature" duration-ms="29883" started-at="2020-06-01T16:57:45Z" description="Runs Cucumber Feature" data-provider="features" finished-at="2020-06-01T16:58:15Z">
          <params>
            <param index="0">
              <value>
                <![CDATA[Datatable Verification]]>
              </value>
            </param>
          </params>
          <reporter-output>
          </reporter-output>
        </test-method> <!-- feature -->
        <test-method status="PASS" signature="tearDownClass()[pri:0, instance:com.ether.runner.CucumberTestRunner@6c64cb25]" name="tearDownClass" is-config="true" duration-ms="7" started-at="2020-06-01T16:58:15Z" finished-at="2020-06-01T16:58:15Z">
          <reporter-output>
          </reporter-output>
        </test-method> <!-- tearDownClass -->
      </class> <!-- com.ether.runner.CucumberTestRunner -->
    </test> <!-- Default test -->
  </suite> <!-- Default suite -->
</testng-results>
